0 info it worked if it ends with ok
1 verbose cli [ 'node',
1 verbose cli   '/usr/local/bin/npm',
1 verbose cli   'install',
1 verbose cli   'react-addons-linked-state-mixins',
1 verbose cli   '--save' ]
2 info using npm@2.7.6
3 info using node@v0.10.29
4 verbose node symlink /usr/local/bin/node
5 verbose install initial load of /Users/azamuddin/Development/kantor/pola-karir/package.json
6 warn package.json @ No description
7 warn package.json @ No repository field.
8 verbose installManyTop reading scoped package data from /Users/azamuddin/Development/kantor/pola-karir/node_modules/history/package.json
9 verbose installManyTop reading scoped package data from /Users/azamuddin/Development/kantor/pola-karir/node_modules/jquery/package.json
10 verbose installManyTop reading scoped package data from /Users/azamuddin/Development/kantor/pola-karir/node_modules/lodash/package.json
11 verbose installManyTop reading scoped package data from /Users/azamuddin/Development/kantor/pola-karir/node_modules/material-ui/package.json
12 verbose installManyTop reading scoped package data from /Users/azamuddin/Development/kantor/pola-karir/node_modules/react/package.json
13 verbose installManyTop reading scoped package data from /Users/azamuddin/Development/kantor/pola-karir/node_modules/react-addons-linked-state-mixin/package.json
14 verbose installManyTop reading scoped package data from /Users/azamuddin/Development/kantor/pola-karir/node_modules/react-addons-pure-render-mixin/package.json
15 verbose installManyTop reading scoped package data from /Users/azamuddin/Development/kantor/pola-karir/node_modules/react-dom/package.json
16 verbose installManyTop reading scoped package data from /Users/azamuddin/Development/kantor/pola-karir/node_modules/react-motion/package.json
17 verbose installManyTop reading scoped package data from /Users/azamuddin/Development/kantor/pola-karir/node_modules/react-router/package.json
18 verbose installManyTop reading scoped package data from /Users/azamuddin/Development/kantor/pola-karir/node_modules/react-select/package.json
19 verbose installManyTop reading scoped package data from /Users/azamuddin/Development/kantor/pola-karir/node_modules/react-swipeable-views/package.json
20 verbose installManyTop reading scoped package data from /Users/azamuddin/Development/kantor/pola-karir/node_modules/react-tap-event-plugin/package.json
21 verbose installManyTop reading scoped package data from /Users/azamuddin/Development/kantor/pola-karir/node_modules/reactify/package.json
22 verbose readDependencies loading dependencies from /Users/azamuddin/Development/kantor/pola-karir/package.json
23 silly cache add args [ 'react-addons-linked-state-mixins', null ]
24 verbose cache add spec react-addons-linked-state-mixins
25 silly cache add parsed spec { raw: 'react-addons-linked-state-mixins',
25 silly cache add   scope: null,
25 silly cache add   name: 'react-addons-linked-state-mixins',
25 silly cache add   rawSpec: '',
25 silly cache add   spec: '*',
25 silly cache add   type: 'range' }
26 silly addNamed react-addons-linked-state-mixins@*
27 verbose addNamed "*" is a valid semver range for react-addons-linked-state-mixins
28 silly addNameRange { name: 'react-addons-linked-state-mixins',
28 silly addNameRange   range: '*',
28 silly addNameRange   hasData: false }
29 silly mapToRegistry name react-addons-linked-state-mixins
30 silly mapToRegistry using default registry
31 silly mapToRegistry registry https://registry.npmjs.org/
32 silly mapToRegistry uri https://registry.npmjs.org/react-addons-linked-state-mixins
33 verbose addNameRange registry:https://registry.npmjs.org/react-addons-linked-state-mixins not in flight; fetching
34 verbose request uri https://registry.npmjs.org/react-addons-linked-state-mixins
35 verbose request no auth needed
36 info attempt registry request try #1 at 11:18:12
37 verbose request id 60d80e2a00cffb1f
38 http request GET https://registry.npmjs.org/react-addons-linked-state-mixins
39 info retry will retry, error on last attempt: Error: getaddrinfo ENOTFOUND
40 info attempt registry request try #2 at 11:18:52
41 http request GET https://registry.npmjs.org/react-addons-linked-state-mixins
42 http 404 https://registry.npmjs.org/react-addons-linked-state-mixins
43 verbose headers { 'content-type': 'application/json',
43 verbose headers   'cache-control': 'max-age=0',
43 verbose headers   'content-length': '2',
43 verbose headers   'accept-ranges': 'bytes',
43 verbose headers   date: 'Thu, 26 Nov 2015 04:15:55 GMT',
43 verbose headers   via: '1.1 varnish',
43 verbose headers   age: '0',
43 verbose headers   connection: 'keep-alive',
43 verbose headers   'x-served-by': 'cache-lax1420-LAX',
43 verbose headers   'x-cache': 'MISS',
43 verbose headers   'x-cache-hits': '0',
43 verbose headers   'x-timer': 'S1448511354.983202,VS0,VE81' }
44 silly get cb [ 404,
44 silly get   { 'content-type': 'application/json',
44 silly get     'cache-control': 'max-age=0',
44 silly get     'content-length': '2',
44 silly get     'accept-ranges': 'bytes',
44 silly get     date: 'Thu, 26 Nov 2015 04:15:55 GMT',
44 silly get     via: '1.1 varnish',
44 silly get     age: '0',
44 silly get     connection: 'keep-alive',
44 silly get     'x-served-by': 'cache-lax1420-LAX',
44 silly get     'x-cache': 'MISS',
44 silly get     'x-cache-hits': '0',
44 silly get     'x-timer': 'S1448511354.983202,VS0,VE81' } ]
45 verbose stack Error: Registry returned 404 for GET on https://registry.npmjs.org/react-addons-linked-state-mixins
45 verbose stack     at CachingRegistryClient.<anonymous> (/usr/local/lib/node_modules/npm/node_modules/npm-registry-client/lib/request.js:239:14)
45 verbose stack     at Request._callback (/usr/local/lib/node_modules/npm/node_modules/npm-registry-client/lib/request.js:170:14)
45 verbose stack     at Request.self.callback (/usr/local/lib/node_modules/npm/node_modules/request/request.js:360:22)
45 verbose stack     at Request.emit (events.js:98:17)
45 verbose stack     at Request.<anonymous> (/usr/local/lib/node_modules/npm/node_modules/request/request.js:1202:14)
45 verbose stack     at Request.emit (events.js:117:20)
45 verbose stack     at IncomingMessage.<anonymous> (/usr/local/lib/node_modules/npm/node_modules/request/request.js:1150:12)
45 verbose stack     at IncomingMessage.emit (events.js:117:20)
45 verbose stack     at _stream_readable.js:929:16
45 verbose stack     at process._tickCallback (node.js:419:13)
46 verbose statusCode 404
47 verbose pkgid react-addons-linked-state-mixins
48 verbose cwd /Users/azamuddin/Development/kantor/pola-karir
49 error Darwin 15.0.0
50 error argv "node" "/usr/local/bin/npm" "install" "react-addons-linked-state-mixins" "--save"
51 error node v0.10.29
52 error npm  v2.7.6
53 error code E404
54 error 404 Registry returned 404 for GET on https://registry.npmjs.org/react-addons-linked-state-mixins
54 error 404
54 error 404 'react-addons-linked-state-mixins' is not in the npm registry.
54 error 404 You should bug the author to publish it (or use the name yourself!)
54 error 404
54 error 404 Note that you can also install from a
54 error 404 tarball, folder, http url, or git url.
55 verbose exit [ 1, true ]
